<?xml version="1.0" encoding="UTF-8"?>
<!-- Generated by org.testng.reporters.JUnitXMLReporter -->
<testsuite hostname="Moms_Laptop" ignored="0" name="Test" tests="5" failures="0" timestamp="05 Oct 2021 20:43:50 GMT" time="9.701" errors="0">
  <testcase name="test_getAllVideoGames" time="5.77" classname="VideoGameAPI.TC_VideoGameAPI"/>
  <testcase name="test_addNewVideoGame" time="1.264" classname="VideoGameAPI.TC_VideoGameAPI"/>
  <testcase name="test_getSingleGameId" time="2.268" classname="VideoGameAPI.TC_VideoGameAPI"/>
  <testcase name="test_updateRecord" time="0.226" classname="VideoGameAPI.TC_VideoGameAPI"/>
  <testcase name="test_deleteSingleVideoGame" time="0.069" classname="VideoGameAPI.TC_VideoGameAPI"/>
</testsuite> <!-- Test -->
