<?xml version="1.0" encoding="UTF-8"?>
<!-- Generated by org.testng.reporters.JUnitXMLReporter -->
<testsuite hostname="Moms_Laptop" ignored="0" name="Test" tests="5" failures="0" timestamp="2021-10-05T17:26:54 EDT" time="14.011" errors="0">
  <testcase name="test_getAllVideoGames" time="6.876" classname="VideoGameAPI.TC_VideoGameAPI"/>
  <testcase name="test_addNewVideoGame" time="1.448" classname="VideoGameAPI.TC_VideoGameAPI"/>
  <testcase name="test_getSingleGameId" time="2.264" classname="VideoGameAPI.TC_VideoGameAPI"/>
  <testcase name="test_updateRecord" time="0.218" classname="VideoGameAPI.TC_VideoGameAPI"/>
  <testcase name="test_deleteSingleVideoGame" time="3.072" classname="VideoGameAPI.TC_VideoGameAPI"/>
</testsuite> <!-- Test -->
