<?xml version="1.0" encoding="UTF-8"?>
<testng-results skipped="0" failed="0" ignored="0" total="5" passed="5">
  <reporter-output>
  </reporter-output>
  <suite name="Suite" duration-ms="14011" started-at="2021-10-05T17:26:40 EDT" finished-at="2021-10-05T17:26:54 EDT">
    <groups>
    </groups>
    <test name="Test" duration-ms="14011" started-at="2021-10-05T17:26:40 EDT" finished-at="2021-10-05T17:26:54 EDT">
      <class name="VideoGameAPI.TC_VideoGameAPI">
        <test-method status="PASS" signature="test_getAllVideoGames()[pri:1, instance:VideoGameAPI.TC_VideoGameAPI@5f2108b5]" name="test_getAllVideoGames" duration-ms="6876" started-at="2021-10-05T17:26:40 EDT" finished-at="2021-10-05T17:26:47 EDT">
          <reporter-output>
          </reporter-output>
        </test-method> <!-- test_getAllVideoGames -->
        <test-method status="PASS" signature="test_addNewVideoGame()[pri:2, instance:VideoGameAPI.TC_VideoGameAPI@5f2108b5]" name="test_addNewVideoGame" duration-ms="1448" started-at="2021-10-05T17:26:47 EDT" finished-at="2021-10-05T17:26:49 EDT">
          <reporter-output>
          </reporter-output>
        </test-method> <!-- test_addNewVideoGame -->
        <test-method status="PASS" signature="test_getSingleGameId()[pri:3, instance:VideoGameAPI.TC_VideoGameAPI@5f2108b5]" name="test_getSingleGameId" duration-ms="2264" started-at="2021-10-05T17:26:49 EDT" finished-at="2021-10-05T17:26:51 EDT">
          <reporter-output>
          </reporter-output>
        </test-method> <!-- test_getSingleGameId -->
        <test-method status="PASS" signature="test_updateRecord()[pri:4, instance:VideoGameAPI.TC_VideoGameAPI@5f2108b5]" name="test_updateRecord" duration-ms="218" started-at="2021-10-05T17:26:51 EDT" finished-at="2021-10-05T17:26:51 EDT">
          <reporter-output>
          </reporter-output>
        </test-method> <!-- test_updateRecord -->
        <test-method status="PASS" signature="test_deleteSingleVideoGame()[pri:5, instance:VideoGameAPI.TC_VideoGameAPI@5f2108b5]" name="test_deleteSingleVideoGame" duration-ms="3072" started-at="2021-10-05T17:26:51 EDT" finished-at="2021-10-05T17:26:54 EDT">
          <reporter-output>
          </reporter-output>
        </test-method> <!-- test_deleteSingleVideoGame -->
      </class> <!-- VideoGameAPI.TC_VideoGameAPI -->
    </test> <!-- Test -->
  </suite> <!-- Suite -->
</testng-results>
