<?xml version="1.0" encoding="UTF-8"?>
<testsuite xmlns:xsi="http://www.w3.org/2001/XMLSchema-instance" xsi:noNamespaceSchemaLocation="https://maven.apache.org/surefire/maven-surefire-plugin/xsd/surefire-test-report-3.0.xsd" version="3.0" name="TestSuite" time="16.28" tests="5" errors="0" skipped="0" failures="0">
  <properties>
[...]
</properties>
  <testcase name="test_getAllVideoGames" classname="VideoGameAPI.TC_VideoGameAPI" time="6.878"/>
  <testcase name="test_addNewVideoGame" classname="VideoGameAPI.TC_VideoGameAPI" time="1.473">
    <system-out><![CDATA[{"status": "Record Added Successfully"}
]]></system-out>
    <system-err><![CDATA[[Fatal Error] :1:1: Content is not allowed in prolog.
]]></system-err>
  </testcase>
  <testcase name="test_getSingleGameId" classname="VideoGameAPI.TC_VideoGameAPI" time="2.29">
    <system-out><![CDATA[<videoGame category="Adventure" rating="Universal">
  <id>100</id>
  <name>awesomemaster</name>
  <releaseDate>2021-10-05T00:00:00-04:00</releaseDate>
  <reviewScore>5</reviewScore>
</videoGame>
]]></system-out>
  </testcase>
  <testcase name="test_updateRecord" classname="VideoGameAPI.TC_VideoGameAPI" time="0.22">
    <system-out><![CDATA[<videoGame category="Adventure" rating="Universal">
  <id>100</id>
  <name>chandelier</name>
  <releaseDate>2021-10-05T00:00:00-04:00</releaseDate>
  <reviewScore>7</reviewScore>
</videoGame>
]]></system-out>
  </testcase>
  <testcase name="test_deleteSingleVideoGame" classname="VideoGameAPI.TC_VideoGameAPI" time="3.052">
    <system-out><![CDATA[{"status": "Record Deleted Successfully"}
]]></system-out>
    <system-err><![CDATA[[Fatal Error] :1:1: Content is not allowed in prolog.
]]></system-err>
  </testcase>
</testsuite>